➜  network_w7 mvn -DskipTests compile
java --enable-preview \
     --enable-native-access=ALL-UNNAMED \
     -cp target/classes:lib/jnetpcap-wrapper-2.3.1-jdk21.jar \
     -Djava.library.path=/path/to/jnetpcap/native/libs \
     com.demo.BasicChatApp         
[INFO] Scanning for projects...
[WARNING] 
[WARNING] Some problems were encountered while building the effective model for com.demo:network_w7:jar:1.0-SNAPSHOT
[WARNING] 'dependencies.dependency.systemPath' for org.jnetpcap:jnetpcap-wrapper:jar should not point at files within the project directory, ${project.basedir}/lib/jnetpcap-wrapper-2.3.1-jdk21.jar will be unresolvable by dependent projects @ line 28, column 19
[WARNING] 
[WARNING] It is highly recommended to fix these problems because they threaten the stability of your build.
[WARNING] 
[WARNING] For this reason, future Maven versions might no longer support building such malformed projects.
[WARNING] 
[INFO] 
[INFO] ------------------------< com.demo:network_w7 >-------------------------
[INFO] Building network_w7 1.0-SNAPSHOT
[INFO]   from pom.xml
[INFO] --------------------------------[ jar ]---------------------------------
[INFO] 
[INFO] --- resources:3.3.1:resources (default-resources) @ network_w7 ---
[INFO] Copying 0 resource from src/main/resources to target/classes
[INFO] 
[INFO] --- compiler:3.13.0:compile (default-compile) @ network_w7 ---
[WARNING]  Parameter 'forceJavacCompilerUse' (user property 'maven.compiler.forceJavacCompilerUse') is deprecated: Use forceLegacyJavacApi instead
[INFO] Recompiling the module because of changed source code.
[INFO] Compiling 6 source files with javac [debug release 21] to target/classes
[INFO] -------------------------------------------------------------
[ERROR] COMPILATION ERROR : 
[INFO] -------------------------------------------------------------
[ERROR] /Users/pilt/project-collection/project_network/network_w7/src/main/java/com/demo/BasicChatApp.java:[29,14] error: method findAllDevs in class Pcap cannot be applied to given types;
  required: no arguments
  found:    ArrayList<PcapIf>,StringBuilder
  reason: actual and formal argument lists differ in length
[ERROR] /Users/pilt/project-collection/project_network/network_w7/src/main/java/com/demo/BasicChatApp.java:[37,23] error: cannot find symbol
  symbol:   method getDescription()
  location: variable device of type PcapIf
[ERROR] /Users/pilt/project-collection/project_network/network_w7/src/main/java/com/demo/BasicChatApp.java:[92,15] error: cannot find symbol
  symbol:   method getDescription()
  location: variable device of type PcapIf
[ERROR] /Users/pilt/project-collection/project_network/network_w7/src/main/java/com/demo/BasicChatApp.java:[100,29] error: cannot find symbol
  symbol:   method getHardwareAddress()
  location: variable selectedDev of type PcapIf
[ERROR] /Users/pilt/project-collection/project_network/network_w7/src/main/java/com/demo/BasicChatApp.java:[105,18] error: cannot find symbol
  symbol:   method getDescription()
  location: variable selectedDev of type PcapIf
[ERROR] /Users/pilt/project-collection/project_network/network_w7/src/main/java/com/demo/BasicChatApp.java:[105,58] error: cannot find symbol
  symbol:   method getDescription()
  location: variable selectedDev of type PcapIf
[ERROR] /Users/pilt/project-collection/project_network/network_w7/src/main/java/com/demo/BasicChatApp.java:[105,89] error: cannot find symbol
  symbol:   method getName()
  location: variable selectedDev of type PcapIf
[ERROR] /Users/pilt/project-collection/project_network/network_w7/src/main/java/com/demo/BasicChatApp.java:[123,23] error: cannot find symbol
  symbol:   variable MODE_NON_PROMISCUOUS
  location: class Pcap
[ERROR] /Users/pilt/project-collection/project_network/network_w7/src/main/java/com/demo/BasicChatApp.java:[125,39] error: cannot find symbol
  symbol:   method getName()
  location: variable selectedDev of type PcapIf
[ERROR] /Users/pilt/project-collection/project_network/network_w7/src/main/java/com/demo/BasicChatApp.java:[158,26] error: 'void' type not allowed here
[ERROR] /Users/pilt/project-collection/project_network/network_w7/src/main/java/com/demo/BasicChatApp.java:[158,42] error: cannot find symbol
  symbol:   variable OK
  location: class Pcap
[ERROR] /Users/pilt/project-collection/project_network/network_w7/src/main/java/com/demo/BasicChatApp.java:[159,31] error: cannot find symbol
  symbol:   method getErr()
  location: variable pcap of type Pcap
[ERROR] /Users/pilt/project-collection/project_network/network_w7/src/main/java/com/demo/BasicChatApp.java:[193,4] error: cannot find symbol
  symbol:   class PcapPacketHandler
  location: class Receive_Thread
[ERROR] /Users/pilt/project-collection/project_network/network_w7/src/main/java/com/demo/BasicChatApp.java:[193,51] error: cannot find symbol
  symbol:   class PcapPacketHandler
  location: class Receive_Thread
[ERROR] /Users/pilt/project-collection/project_network/network_w7/src/main/java/com/demo/BasicChatApp.java:[194,28] error: cannot find symbol
  symbol: class PcapPacket
[INFO] 15 errors 
[INFO] -------------------------------------------------------------
[INFO] ------------------------------------------------------------------------
[INFO] BUILD FAILURE
[INFO] ------------------------------------------------------------------------
[INFO] Total time:  0.610 s
[INFO] Finished at: 2025-10-16T11:24:44+09:00
[INFO] ------------------------------------------------------------------------
[ERROR] Failed to execute goal org.apache.maven.plugins:maven-compiler-plugin:3.13.0:compile (default-compile) on project network_w7: Compilation failure: Compilation failure: 
[ERROR] /Users/pilt/project-collection/project_network/network_w7/src/main/java/com/demo/BasicChatApp.java:[29,14] error: method findAllDevs in class Pcap cannot be applied to given types;
[ERROR]   required: no arguments
[ERROR]   found:    ArrayList<PcapIf>,StringBuilder
[ERROR]   reason: actual and formal argument lists differ in length
[ERROR] /Users/pilt/project-collection/project_network/network_w7/src/main/java/com/demo/BasicChatApp.java:[37,23] error: cannot find symbol
[ERROR]   symbol:   method getDescription()
[ERROR]   location: variable device of type PcapIf
[ERROR] /Users/pilt/project-collection/project_network/network_w7/src/main/java/com/demo/BasicChatApp.java:[92,15] error: cannot find symbol
[ERROR]   symbol:   method getDescription()
[ERROR]   location: variable device of type PcapIf
[ERROR] /Users/pilt/project-collection/project_network/network_w7/src/main/java/com/demo/BasicChatApp.java:[100,29] error: cannot find symbol
[ERROR]   symbol:   method getHardwareAddress()
[ERROR]   location: variable selectedDev of type PcapIf
[ERROR] /Users/pilt/project-collection/project_network/network_w7/src/main/java/com/demo/BasicChatApp.java:[105,18] error: cannot find symbol
[ERROR]   symbol:   method getDescription()
[ERROR]   location: variable selectedDev of type PcapIf
[ERROR] /Users/pilt/project-collection/project_network/network_w7/src/main/java/com/demo/BasicChatApp.java:[105,58] error: cannot find symbol
[ERROR]   symbol:   method getDescription()
[ERROR]   location: variable selectedDev of type PcapIf
[ERROR] /Users/pilt/project-collection/project_network/network_w7/src/main/java/com/demo/BasicChatApp.java:[105,89] error: cannot find symbol
[ERROR]   symbol:   method getName()
[ERROR]   location: variable selectedDev of type PcapIf
[ERROR] /Users/pilt/project-collection/project_network/network_w7/src/main/java/com/demo/BasicChatApp.java:[123,23] error: cannot find symbol
[ERROR]   symbol:   variable MODE_NON_PROMISCUOUS
[ERROR]   location: class Pcap
[ERROR] /Users/pilt/project-collection/project_network/network_w7/src/main/java/com/demo/BasicChatApp.java:[125,39] error: cannot find symbol
[ERROR]   symbol:   method getName()
[ERROR]   location: variable selectedDev of type PcapIf
[ERROR] /Users/pilt/project-collection/project_network/network_w7/src/main/java/com/demo/BasicChatApp.java:[158,26] error: 'void' type not allowed here
[ERROR] /Users/pilt/project-collection/project_network/network_w7/src/main/java/com/demo/BasicChatApp.java:[158,42] error: cannot find symbol
[ERROR]   symbol:   variable OK
[ERROR]   location: class Pcap
[ERROR] /Users/pilt/project-collection/project_network/network_w7/src/main/java/com/demo/BasicChatApp.java:[159,31] error: cannot find symbol
[ERROR]   symbol:   method getErr()
[ERROR]   location: variable pcap of type Pcap
[ERROR] /Users/pilt/project-collection/project_network/network_w7/src/main/java/com/demo/BasicChatApp.java:[193,4] error: cannot find symbol
[ERROR]   symbol:   class PcapPacketHandler
[ERROR]   location: class Receive_Thread
[ERROR] /Users/pilt/project-collection/project_network/network_w7/src/main/java/com/demo/BasicChatApp.java:[193,51] error: cannot find symbol
[ERROR]   symbol:   class PcapPacketHandler
[ERROR]   location: class Receive_Thread
[ERROR] /Users/pilt/project-collection/project_network/network_w7/src/main/java/com/demo/BasicChatApp.java:[194,28] error: cannot find symbol
[ERROR]   symbol: class PcapPacket
[ERROR] -> [Help 1]
[ERROR] 
[ERROR] To see the full stack trace of the errors, re-run Maven with the -e switch.
[ERROR] Re-run Maven using the -X switch to enable full debug logging.
[ERROR] 
[ERROR] For more information about the errors and possible solutions, please read the following articles:
[ERROR] [Help 1] http://cwiki.apache.org/confluence/display/MAVEN/MojoFailureException
Error: Could not find or load main class com.demo.BasicChatApp
Caused by: java.lang.ClassNotFoundException: com.demo.BasicChatApp
➜  network_w7 
